<?xml version="1.0" encoding="UTF-8"?>
<!-- Generated by org.testng.reporters.JUnitReportReporter -->
<testsuite hostname="Anusha" failures="0" tests="1" name="New.print" time="0.014" errors="0" timestamp="2024-08-15T14:12:22 IST" skipped="0">
  <testcase classname="New.print" name="create" time="0.014"/>
  <system-out/>
</testsuite> <!-- New.print -->
