<?xml version="1.0" encoding="UTF-8"?>
<!-- Generated by org.testng.reporters.JUnitReportReporter -->
<testsuite hostname="Anusha" failures="0" tests="1" name="New.Code" time="0.011" errors="0" timestamp="2024-08-14T14:34:02 IST" skipped="0">
  <testcase classname="New.Code" name="reverse" time="0.011"/>
  <system-out/>
</testsuite> <!-- New.Code -->
